SF:lib\core\platform\location_info.dart
DA:12,1
DA:15,1
DA:16,3
DA:18,3
DA:22,1
DA:23,3
DA:24,3
DA:27,3
DA:30,1
DA:31,3
DA:34,1
LF:11
LH:11
end_of_record
SF:lib\core\platform\network_info.dart
DA:10,1
DA:12,1
DA:13,2
LF:3
LH:3
end_of_record
SF:lib\features\home\data\model\recipie_model.dart
DA:10,3
DA:15,3
DA:22,2
DA:23,2
DA:24,2
DA:25,2
DA:26,2
DA:27,8
LF:8
LH:8
end_of_record
SF:lib\features\home\domain\entity\recipie.dart
DA:10,4
DA:17,2
DA:18,10
LF:3
LH:3
end_of_record
SF:lib\features\home\data\data_source\home_remote_data_source.dart
DA:19,1
DA:22,1
DA:25,3
DA:26,2
DA:27,2
DA:28,4
DA:30,1
LF:7
LH:7
end_of_record
SF:lib\features\location_service\data\data_source\address_remote_data_source.dart
DA:19,1
DA:22,1
DA:24,7
DA:25,2
DA:26,2
DA:27,1
DA:29,1
LF:7
LH:7
end_of_record
SF:lib\features\location_service\data\model\address_model.g.dart
DA:10,0
DA:12,0
DA:13,0
DA:14,0
DA:16,0
DA:17,0
DA:18,0
DA:19,0
DA:20,0
DA:24,0
DA:27,0
DA:28,0
DA:29,0
DA:30,0
DA:31,0
DA:32,0
DA:33,0
DA:34,0
DA:35,0
DA:38,0
LF:20
LH:0
end_of_record
SF:lib\features\location_service\data\model\address_model.dart
DA:18,5
DA:23,5
DA:30,2
DA:31,2
DA:32,6
DA:33,10
DA:35,12
DA:37,12
LF:8
LH:8
end_of_record
SF:lib\features\location_service\data\data_source\address_local_data_sourc.dart
DA:25,1
DA:28,1
DA:29,4
DA:31,2
DA:32,2
DA:39,1
DA:41,4
DA:42,2
DA:43,1
DA:44,2
DA:46,1
LF:11
LH:11
end_of_record
SF:lib\features\location_service\domain\entity\address.dart
DA:10,6
DA:17,2
DA:18,10
LF:3
LH:3
end_of_record
SF:lib\features\home\domain\usecase\get_recipies.dart
DA:10,1
DA:12,1
DA:13,3
LF:3
LH:3
end_of_record
SF:lib\core\error\failure.dart
DA:4,2
DA:5,2
LF:2
LH:2
end_of_record
SF:lib\features\home\data\repository\home_repository_impl.dart
DA:14,1
DA:20,1
DA:21,5
DA:24,3
DA:25,1
DA:26,1
DA:27,2
LF:7
LH:7
end_of_record
SF:lib\features\location_service\data\repository\address_repository_imp.dart
DA:19,1
DA:27,1
DA:28,3
DA:29,3
DA:33,4
DA:34,1
DA:35,2
DA:36,2
DA:40,3
DA:42,3
DA:43,1
DA:44,1
DA:45,2
DA:50,1
DA:51,3
DA:53,1
DA:55,2
LF:17
LH:17
end_of_record
SF:lib\features\location_service\domain\usecase\cache_address.dart
DA:10,1
DA:12,1
DA:13,3
LF:3
LH:3
end_of_record
SF:lib\features\location_service\domain\usecase\get_address.dart
DA:10,1
DA:12,1
DA:13,3
LF:3
LH:3
end_of_record
