SF:lib\core\platform\location_info.dart
DA:12,1
DA:15,1
DA:16,3
DA:18,3
DA:22,1
DA:23,3
DA:24,3
DA:27,3
DA:30,1
DA:31,3
DA:34,1
LF:11
LH:11
end_of_record
SF:lib\core\platform\network_info.dart
DA:10,1
DA:12,1
DA:13,2
LF:3
LH:3
end_of_record
SF:lib\features\home\data\model\offer_model.dart
DA:12,4
DA:19,4
DA:28,3
DA:29,3
DA:30,3
DA:31,3
DA:32,3
DA:33,3
DA:34,6
DA:35,6
LF:10
LH:10
end_of_record
SF:lib\features\home\domain\entity\offer.dart
DA:11,4
DA:20,2
DA:21,14
LF:3
LH:3
end_of_record
SF:lib\features\home\data\data_source\home_remote_data_source.dart
DA:38,1
DA:41,1
DA:42,1
DA:43,3
DA:44,2
DA:45,2
DA:46,4
DA:48,1
DA:49,1
DA:54,1
DA:55,1
DA:56,1
DA:57,1
DA:58,1
DA:62,1
DA:64,3
DA:65,1
DA:69,1
DA:71,1
DA:72,1
DA:73,1
DA:74,1
DA:78,1
DA:80,1
DA:81,1
DA:82,1
DA:83,1
DA:86,1
DA:87,3
DA:88,2
DA:89,2
DA:91,3
DA:92,1
DA:94,1
DA:95,1
DA:99,1
DA:100,2
DA:101,2
LF:38
LH:38
end_of_record
SF:lib\features\home\data\model\recipie_model.dart
DA:10,3
DA:15,3
DA:22,2
DA:23,2
DA:24,2
DA:25,2
DA:26,2
DA:27,8
LF:8
LH:8
end_of_record
SF:lib\features\home\data\model\restaurant_model.dart
DA:45,4
DA:83,4
DA:122,3
DA:123,3
DA:124,3
DA:126,13
DA:127,0
DA:128,3
DA:129,3
DA:130,3
DA:131,3
DA:132,3
DA:133,3
DA:134,3
DA:135,3
DA:136,3
DA:137,3
DA:138,3
DA:139,3
DA:140,3
DA:141,3
DA:142,3
DA:143,3
DA:144,3
DA:145,3
DA:146,3
DA:147,3
DA:148,3
DA:149,3
DA:150,3
DA:151,3
DA:152,3
DA:153,3
DA:154,3
DA:155,3
DA:156,3
DA:157,3
DA:158,3
DA:159,4
DA:160,3
DA:161,3
DA:162,3
LF:42
LH:41
end_of_record
SF:lib\features\home\domain\entity\recipie.dart
DA:10,4
DA:17,2
DA:18,10
LF:3
LH:3
end_of_record
SF:lib\features\home\domain\entity\restaurents.dart
DA:44,8
DA:84,1
DA:85,1
DA:86,1
DA:87,1
DA:88,1
DA:89,1
DA:90,1
DA:91,1
DA:92,1
DA:93,1
DA:94,1
DA:95,1
DA:96,1
DA:97,1
DA:98,1
DA:99,1
DA:100,1
DA:101,1
DA:102,1
DA:103,1
DA:104,1
DA:105,1
DA:106,1
DA:107,1
DA:108,1
DA:109,1
DA:110,1
DA:111,1
DA:112,1
DA:113,1
DA:114,1
DA:115,1
DA:116,1
DA:117,1
DA:118,1
DA:119,1
DA:120,1
DA:121,1
DA:122,1
DA:123,1
LF:41
LH:41
end_of_record
SF:lib\features\location_service\data\data_source\address_remote_data_source.dart
DA:19,1
DA:22,1
DA:24,7
DA:25,2
DA:26,2
DA:27,1
DA:29,1
LF:7
LH:7
end_of_record
SF:lib\features\location_service\data\model\address_model.g.dart
DA:10,0
DA:12,0
DA:13,0
DA:14,0
DA:16,0
DA:17,0
DA:18,0
DA:19,0
DA:20,0
DA:24,0
DA:27,0
DA:28,0
DA:29,0
DA:30,0
DA:31,0
DA:32,0
DA:33,0
DA:34,0
DA:35,0
DA:38,0
LF:20
LH:0
end_of_record
SF:lib\features\location_service\data\model\address_model.dart
DA:18,5
DA:23,5
DA:30,2
DA:31,2
DA:32,6
DA:33,10
DA:35,12
DA:37,12
LF:8
LH:8
end_of_record
SF:lib\features\location_service\domain\entity\address.dart
DA:10,6
DA:17,2
DA:18,10
LF:3
LH:3
end_of_record
SF:lib\features\home\domain\usecase\get_featured.dart
DA:10,1
DA:12,1
DA:16,3
LF:3
LH:3
end_of_record
SF:lib\core\error\failure.dart
DA:4,2
DA:5,2
LF:2
LH:2
end_of_record
SF:lib\features\home\data\repository\home_repository_impl.dart
DA:17,1
DA:23,1
DA:24,5
DA:27,3
DA:28,1
DA:29,1
DA:30,2
DA:35,1
DA:37,2
DA:38,3
DA:46,1
DA:48,2
DA:49,3
DA:57,1
DA:59,2
DA:60,3
DA:68,1
DA:70,2
DA:71,3
DA:78,1
DA:80,5
DA:83,2
DA:84,1
DA:85,1
DA:86,2
LF:25
LH:25
end_of_record
SF:lib\features\location_service\data\data_source\address_local_data_sourc.dart
DA:25,1
DA:28,1
DA:29,4
DA:31,2
DA:32,2
DA:39,1
DA:41,4
DA:42,2
DA:43,1
DA:44,2
DA:46,1
LF:11
LH:11
end_of_record
SF:lib\features\location_service\data\repository\address_repository_imp.dart
DA:19,1
DA:27,1
DA:28,3
DA:29,3
DA:33,4
DA:34,1
DA:35,2
DA:36,2
DA:40,3
DA:42,3
DA:43,1
DA:44,1
DA:45,2
DA:50,1
DA:51,3
DA:53,1
DA:55,2
LF:17
LH:17
end_of_record
SF:lib\features\home\domain\usecase\get_popular.dart
DA:10,1
DA:12,1
DA:16,3
LF:3
LH:3
end_of_record
SF:lib\features\home\domain\usecase\get_recipies.dart
DA:10,1
DA:12,1
DA:13,3
LF:3
LH:3
end_of_record
SF:lib\features\home\domain\usecase\get_trending_grocry.dart
DA:10,1
DA:12,1
DA:16,3
LF:3
LH:3
end_of_record
SF:lib\features\home\domain\usecase\get_trending_restaurants.dart
DA:10,1
DA:12,1
DA:16,3
LF:3
LH:3
end_of_record
SF:lib\features\location_service\domain\usecase\cache_address.dart
DA:10,1
DA:12,1
DA:13,3
LF:3
LH:3
end_of_record
SF:lib\features\location_service\domain\usecase\get_address.dart
DA:10,1
DA:12,1
DA:13,3
LF:3
LH:3
end_of_record
SF:lib\features\products\data\models\category_model.dart
DA:10,3
DA:15,3
DA:22,3
DA:23,3
DA:24,3
DA:25,3
DA:26,3
DA:27,3
LF:8
LH:8
end_of_record
SF:lib\features\products\domain\entity\category.dart
DA:10,3
DA:17,0
DA:18,0
LF:3
LH:1
end_of_record
SF:lib\features\products\data\models\product_model.dart
DA:30,2
DA:53,2
DA:78,2
DA:79,2
DA:80,2
DA:81,2
DA:82,6
DA:83,0
DA:84,2
DA:85,2
DA:86,6
DA:87,2
DA:88,0
DA:89,2
DA:90,6
DA:91,0
DA:92,2
DA:93,6
DA:94,0
DA:95,2
DA:96,4
DA:97,0
DA:98,2
DA:99,2
DA:100,2
DA:101,2
DA:102,2
DA:103,2
DA:104,2
DA:105,2
DA:106,2
DA:107,2
DA:108,2
DA:109,2
DA:110,2
DA:111,2
DA:112,2
DA:113,2
LF:38
LH:33
end_of_record
SF:lib\features\products\domain\entity\product.dart
DA:30,2
LF:1
LH:1
end_of_record
SF:lib\features\products\data\models\variation_model.dart
DA:18,3
DA:31,3
DA:46,3
DA:47,3
DA:48,3
DA:49,3
DA:50,3
DA:51,3
DA:52,3
DA:53,3
DA:54,3
DA:55,3
DA:56,3
DA:57,3
DA:58,3
DA:59,3
LF:16
LH:16
end_of_record
SF:lib\features\products\domain\entity\variation.dart
DA:18,3
DA:33,0
DA:34,0
DA:35,0
DA:36,0
DA:37,0
DA:38,0
DA:39,0
DA:40,0
DA:41,0
DA:42,0
DA:43,0
DA:44,0
DA:45,0
DA:46,0
LF:15
LH:1
end_of_record
SF:lib\features\products\data\models\store_product_models.dart
DA:13,1
DA:16,1
DA:21,1
DA:22,1
DA:23,1
DA:24,3
DA:25,1
DA:26,2
LF:8
LH:8
end_of_record
SF:lib\features\products\domain\entity\store_products.dart
DA:10,1
DA:15,0
DA:16,0
LF:3
LH:1
end_of_record
